2 3 5 6 8 12 15 19 28 37 42 44 47 48 72 90 97 

0 4 33 35 43 50 70 73 75 91 96 
0 
2 7 11 13 14 36 46 78 87 
0 
0 10 18 61 
4 9 17 21 23 24 29 30 52 54 57 63 95 
0 
7 
6 39 81 84 88 
4 
0 20 32 45 64 69 
4 71 
4 16 65 
0 22 
14 
7 25 31 41 68 
6 
0 66 
12 
7 
15 
7 26 27 34 74 94 
7 80 
17 62 
23 
23 49 
0 38 67 76 
7 82 89 
7 
17 
12 
2 
23 40 
2 
4 
0 
28 51 99 
10 56 58 
34 60 
17 79 93 
0 55 
2 
0 
12 
4 
0 77 
0 59 
27 86 
2 
38 
7 53 
52 
7 
42 
39 
7 
39 
48 
40 
6 
25 
7 
12 92 
14 83 
19 
28 
17 
12 
2 
13 
0 
2 
23 
2 
28 
47 
4 
41 98 
24 
10 
29 
65 
10 85 
84 
49 
4 
10 
29 
0 
2 
64 
41 
23 
7 
2 
0 
79 
38 
