1 3 4 5 6 8 9 11 16 20 23 24 25 26 38 47 50 52 53 58 63 64 67 68 71 78 86 
0 3 4 18 19 23 27 37 38 39 47 50 58 60 66 79 80 83 89 90 90 91 

1 0 5 7 8 9 20 25 41 45 54 62 66 68 71 72 81 93 
1 0 11 32 76 
0 3 6 7 10 12 13 14 16 17 28 29 30 33 49 65 73 87 
0 5 21 42 44 46 95 
5 3 18 24 34 36 64 85 
0 3 12 37 88 97 
3 0 10 13 22 34 56 69 87 88 92 
9 5 14 17 36 52 53 59 76 96 
4 0 35 98 
8 5 
9 5 15 15 19 39 42 49 65 77 
5 10 33 61 70 
13 13 26 
0 5 21 35 40 43 46 55 57 67 99 
5 10 
7 1 91 
13 1 22 
3 0 27 51 54 61 85 89 
16 6 30 31 32 60 63 77 79 81 92 94 98 
19 9 29 41 48 62 
0 1 94 
0 7 82 
3 0 31 40 
0 15 45 
1 20 28 
5 27 56 70 75 84 
5 22 
21 5 95 
21 25 72 84 
21 4 86 
14 5 
7 9 43 48 55 
11 16 
10 7 
1 8 
0 1 
13 1 83 
16 25 59 
3 22 51 
13 6 
16 34 44 
6 43 
26 3 74 
6 16 
0 1 
34 22 
13 5 57 74 
1 0 80 
41 20 
10 0 78 
0 10 
3 20 
16 34 
9 28 
16 49 96 
0 1 69 97 
40 10 
1 21 
20 14 
3 22 
21 0 
7 0 
5 13 
1 3 
0 16 
3 0 73 75 
58 9 
28 14 
3 0 
3 31 
68 5 
49 45 82 
28 68 
10 4 
13 21 
52 0 
21 1 
1 50 
21 3 
74 24 
39 1 
31 28 
20 7 
0 32 
9 5 
9 8 
20 1 
1 1 
1 18 
9 21 93 
92 3 
21 23 99 
6 30 
10 57 
58 8 
11 21 
16 94 
