0 0
100000 5340
200000 9958
300000 14148
400000 17963
500000 21406
600000 24303
700000 27087
800000 29464
900000 31717
1000000 33667
1100000 35387
1200000 37097
1300000 38260
1400000 39415
1500000 40424
1600000 41385
1700000 42258
1800000 43156
1900000 43916
2000000 44547
2100000 45256
2200000 45630
2300000 45957
2400000 46316
2500000 46800
2600000 47242
2700000 47496
2800000 47632
2900000 47892
3000000 48074
3100000 48249
3200000 48571
3300000 48627
3400000 48653
3500000 48883
3600000 49053
3700000 49329
3800000 49295
3900000 49386
4000000 49420
4100000 49351
4200000 49382
4300000 49462
4400000 49530
4500000 49520
4600000 49582
4700000 49645
4800000 49610
4900000 49565
5000000 49633
5100000 49821
5200000 49948
5300000 49877
5400000 49924
5500000 49809
5600000 49728
5700000 49884
5800000 50007
5900000 50108
6000000 49986
6100000 49940
6200000 49944
6300000 50039
6400000 49998
6500000 49919
6600000 49998
6700000 50172
6800000 50189
6900000 50019
7000000 49912
7100000 49898
7200000 49796
7300000 49836
7400000 49882
7500000 49953
7600000 49988
7700000 49913
7800000 49955
7900000 49775
8000000 49986
8100000 49959
8200000 49850
8300000 49806
8400000 49734
8500000 49670
8600000 49710
8700000 49711
8800000 49820
8900000 49786
9000000 49828
9100000 49754
9200000 49798
9300000 49702
9400000 49735
9500000 49741
9600000 49717
9700000 49855
9800000 49845
9900000 49899
