0 1
100000 46875
200000 87041
300000 121958
400000 152235
500000 178820
600000 201800
700000 221592
800000 238748
900000 253315
1000000 266033
1100000 277182
1200000 286936
1300000 295221
1400000 302189
1500000 308547
1600000 314239
1700000 319134
1800000 323450
1900000 326843
2000000 330126
2100000 332653
2200000 335042
2300000 337182
2400000 338734
2500000 340439
2600000 341620
2700000 342675
2800000 343337
2900000 344143
3000000 345273
3100000 345992
3200000 346359
3300000 346899
3400000 347412
3500000 347986
3600000 347838
3700000 348306
3800000 348324
3900000 348640
4000000 348638
4100000 348783
4200000 349316
4300000 349598
4400000 349593
4500000 349333
4600000 349355
4700000 349342
4800000 349335
4900000 349456
5000000 349484
5100000 349694
5200000 349522
5300000 349433
5400000 349420
5500000 349404
5600000 349497
5700000 349624
5800000 349528
5900000 349968
6000000 349964
6100000 349946
6200000 349801
6300000 349700
6400000 349766
6500000 349627
6600000 350101
6700000 350067
6800000 350020
6900000 350295
7000000 350253
7100000 350235
7200000 349965
7300000 350134
7400000 349971
7500000 349800
7600000 349554
7700000 349481
7800000 349593
7900000 349456
8000000 349506
8100000 349576
8200000 349746
8300000 349793
8400000 349839
8500000 349869
8600000 350013
8700000 349927
8800000 350044
8900000 349881
9000000 349985
9100000 349781
9200000 349958
9300000 350082
9400000 349702
9500000 349690
9600000 349286
9700000 349592
9800000 349417
9900000 349357
