1 3 4 6 11 12 21 30 79 92 
0 3 5 7 33 44 
7 8 10 15 23 33 38 76 77 82 
0 1 4 5 62 90 
0 3 10 13 16 21 43 47 49 66 
1 3 6 9 17 18 
0 5 8 9 11 14 36 78 
2 1 24 27 43 81 86 89 
2 6 13 39 51 
6 5 22 24 29 37 59 75 
4 2 12 17 39 68 76 
6 0 18 19 26 34 
0 10 14 15 31 50 53 75 
4 8 22 
12 6 16 
12 2 19 20 20 28 55 59 
4 14 36 60 90 
5 10 
5 11 23 25 29 37 47 67 
11 15 56 
15 15 28 45 53 58 
0 4 41 48 
9 13 25 46 63 
2 18 26 30 32 93 
7 9 27 38 
22 18 31 34 65 68 
11 23 71 
24 7 35 54 69 93 
15 20 41 55 64 
9 18 42 44 
0 23 32 40 40 65 78 81 
25 12 91 
23 30 35 79 
1 2 61 
11 25 45 58 62 98 
27 32 92 97 
16 6 
18 9 42 46 48 52 70 
2 24 49 51 67 
10 8 
30 30 83 
21 28 69 72 
29 37 52 84 
7 4 88 
1 29 
34 20 54 61 
22 37 56 
18 4 50 66 
37 21 74 88 
38 4 
12 47 
8 38 57 87 
42 37 70 
20 12 77 
45 27 71 
28 15 63 82 86 
19 46 57 
56 51 64 
20 34 60 
15 9 96 
16 58 73 
33 45 
3 34 
22 55 80 95 
28 57 73 95 
25 30 
47 4 
18 38 85 
25 10 97 
41 27 
37 52 80 83 87 
26 54 72 84 94 
41 71 91 
64 60 74 89 
73 48 98 
12 9 
10 2 
2 53 
6 30 
0 32 85 
70 63 94 
7 30 
55 2 
40 70 
42 71 
67 79 
55 7 
51 70 
48 43 
7 73 99 
3 16 
31 72 
0 35 96 
23 27 99 
71 80 
64 63 
59 92 
68 35 
34 74 
93 89 
