2 4 20 70 
3 5 6 95 
0 7 24 66 
1 10 41 
0 21 25 
1 9 74 83 
1 8 11 12 18 
2 13 14 19 30 32 
6 33 
5 22 
3 81 85 86 
6 23 26 27 57 
6 
7 17 49 61 
7 15 16 34 67 
14 29 
14 51 72 
13 31 75 
6 50 76 77 
7 36 47 52 
0 28 58 68 
4 
9 
11 63 82 
2 42 
4 35 
11 37 53 89 
11 44 80 
20 54 55 
15 
7 45 
17 39 
7 
8 
14 38 71 88 
25 
19 65 
26 40 
34 43 
31 93 
37 
3 
24 
38 
27 
30 46 94 
45 
19 48 
47 79 
13 
18 91 
16 59 69 98 
19 56 
26 
28 
28 60 
52 
11 
20 62 
51 
55 
13 64 78 
58 73 
23 
61 
36 
2 
14 
20 
51 84 92 
0 
34 
16 
62 90 
5 96 
17 
18 
18 99 
61 
48 97 
27 
10 
23 
5 87 
69 
10 
10 
83 
34 
26 
73 
50 
69 
39 
45 
1 
74 
79 
51 
77 
